Drill report for KiCad-Si4735.kicad_pcb
Created on 2023/04/12 14:42:19

Copper Layer Stackup:
    =============================================================
    L1 :  F.Cu                      front
    L2 :  In1.Cu                    in1
    L3 :  In2.Cu                    in2
    L4 :  B.Cu                      back


Drill file 'KiCad-Si4735-PTH.drl' contains
    plated through holes:
    =============================================================
    T1  0.400mm  0.0157"  (57 holes)
    T2  0.800mm  0.0315"  (8 holes)
    T3  1.000mm  0.0394"  (38 holes)  (with 8 slots)
    T4  1.400mm  0.0551"  (2 holes)

    Total plated holes count 105


Drill file 'KiCad-Si4735-NPTH.drl' contains
    unplated through holes:
    =============================================================
    T1  3.200mm  0.1260"  (4 holes)

    Total unplated holes count 4
